{"name":"hexo","hostname":"Meeting-Room.local","pid":54201,"level":20,"msg":"Hexo version: \u001b[35m3.2.2\u001b[39m","time":"2017-03-08T02:58:24.959Z","v":0}
{"name":"hexo","hostname":"Meeting-Room.local","pid":54201,"level":20,"msg":"Working directory: \u001b[35m~/eglass_blog/\u001b[39m","time":"2017-03-08T02:58:24.997Z","v":0}
{"name":"hexo","hostname":"Meeting-Room.local","pid":54201,"level":20,"msg":"Config loaded: \u001b[35m~/eglass_blog/_config.yml\u001b[39m","time":"2017-03-08T02:58:25.144Z","v":0}
{"name":"hexo","hostname":"Meeting-Room.local","pid":54201,"level":20,"msg":"Script loaded: \u001b[35mthemes/next/scripts/merge-configs.js\u001b[39m","time":"2017-03-08T02:58:25.168Z","v":0}
{"name":"hexo","hostname":"Meeting-Room.local","pid":54201,"level":20,"msg":"Script loaded: \u001b[35mthemes/next/scripts/merge.js\u001b[39m","time":"2017-03-08T02:58:25.173Z","v":0}
{"name":"hexo","hostname":"Meeting-Room.local","pid":54201,"level":20,"msg":"Script loaded: \u001b[35mthemes/next/scripts/tags/button.js\u001b[39m","time":"2017-03-08T02:58:25.173Z","v":0}
{"name":"hexo","hostname":"Meeting-Room.local","pid":54201,"level":20,"msg":"Script loaded: \u001b[35mthemes/next/scripts/tags/center-quote.js\u001b[39m","time":"2017-03-08T02:58:25.174Z","v":0}
{"name":"hexo","hostname":"Meeting-Room.local","pid":54201,"level":20,"msg":"Script loaded: \u001b[35mthemes/next/scripts/tags/exturl.js\u001b[39m","time":"2017-03-08T02:58:25.175Z","v":0}
{"name":"hexo","hostname":"Meeting-Room.local","pid":54201,"level":20,"msg":"Script loaded: \u001b[35mthemes/next/scripts/tags/full-image.js\u001b[39m","time":"2017-03-08T02:58:25.176Z","v":0}
{"name":"hexo","hostname":"Meeting-Room.local","pid":54201,"level":20,"msg":"Script loaded: \u001b[35mthemes/next/scripts/tags/group-pictures.js\u001b[39m","time":"2017-03-08T02:58:25.177Z","v":0}
{"name":"hexo","hostname":"Meeting-Room.local","pid":54201,"level":20,"msg":"Script loaded: \u001b[35mthemes/next/scripts/tags/note.js\u001b[39m","time":"2017-03-08T02:58:25.180Z","v":0}
{"name":"hexo","hostname":"Meeting-Room.local","pid":54201,"level":20,"msg":"Plugin loaded: \u001b[35mhexo-generator-archive\u001b[39m","time":"2017-03-08T02:58:25.187Z","v":0}
{"name":"hexo","hostname":"Meeting-Room.local","pid":54201,"level":20,"msg":"Plugin loaded: \u001b[35mhexo-generator-category\u001b[39m","time":"2017-03-08T02:58:25.190Z","v":0}
{"name":"hexo","hostname":"Meeting-Room.local","pid":54201,"level":20,"msg":"Plugin loaded: \u001b[35mhexo-generator-index\u001b[39m","time":"2017-03-08T02:58:25.193Z","v":0}
{"name":"hexo","hostname":"Meeting-Room.local","pid":54201,"level":20,"msg":"Plugin loaded: \u001b[35mhexo-generator-tag\u001b[39m","time":"2017-03-08T02:58:25.194Z","v":0}
{"name":"hexo","hostname":"Meeting-Room.local","pid":54201,"level":20,"msg":"Plugin loaded: \u001b[35mhexo-renderer-ejs\u001b[39m","time":"2017-03-08T02:58:25.197Z","v":0}
{"name":"hexo","hostname":"Meeting-Room.local","pid":54201,"level":20,"msg":"Plugin loaded: \u001b[35mhexo-renderer-stylus\u001b[39m","time":"2017-03-08T02:58:25.199Z","v":0}
{"name":"hexo","hostname":"Meeting-Room.local","pid":54201,"level":20,"msg":"Plugin loaded: \u001b[35mhexo-renderer-marked\u001b[39m","time":"2017-03-08T02:58:25.208Z","v":0}
{"name":"hexo","hostname":"Meeting-Room.local","pid":54201,"level":20,"msg":"Plugin loaded: \u001b[35mhexo-server\u001b[39m","time":"2017-03-08T02:58:25.294Z","v":0}
{"name":"hexo","hostname":"Meeting-Room.local","pid":54201,"level":20,"msg":"Loading database.","time":"2017-03-08T02:58:25.494Z","v":0}
{"name":"hexo","hostname":"Meeting-Room.local","pid":54201,"level":30,"msg":"Start processing","time":"2017-03-08T02:58:25.511Z","v":0}
{"name":"hexo","hostname":"Meeting-Room.local","pid":54201,"level":20,"msg":"Processed: \u001b[35msource/css/main.styl\u001b[39m","time":"2017-03-08T02:58:25.789Z","v":0}
{"name":"hexo","hostname":"Meeting-Room.local","pid":54201,"level":20,"msg":"Processed: \u001b[35msource/images/algolia_logo.svg\u001b[39m","time":"2017-03-08T02:58:25.790Z","v":0}
{"name":"hexo","hostname":"Meeting-Room.local","pid":54201,"level":20,"msg":"Processed: \u001b[35msource/images/avatar.gif\u001b[39m","time":"2017-03-08T02:58:25.790Z","v":0}
{"name":"hexo","hostname":"Meeting-Room.local","pid":54201,"level":20,"msg":"Processed: \u001b[35msource/images/cc-by-nc-nd.svg\u001b[39m","time":"2017-03-08T02:58:25.791Z","v":0}
{"name":"hexo","hostname":"Meeting-Room.local","pid":54201,"level":20,"msg":"Processed: \u001b[35msource/images/cc-by-nc-sa.svg\u001b[39m","time":"2017-03-08T02:58:25.792Z","v":0}
{"name":"hexo","hostname":"Meeting-Room.local","pid":54201,"level":20,"msg":"Processed: \u001b[35msource/images/cc-by-nc.svg\u001b[39m","time":"2017-03-08T02:58:25.794Z","v":0}
{"name":"hexo","hostname":"Meeting-Room.local","pid":54201,"level":20,"msg":"Processed: \u001b[35msource/images/cc-by-nd.svg\u001b[39m","time":"2017-03-08T02:58:25.795Z","v":0}
{"name":"hexo","hostname":"Meeting-Room.local","pid":54201,"level":20,"msg":"Processed: \u001b[35msource/images/cc-by-sa.svg\u001b[39m","time":"2017-03-08T02:58:25.796Z","v":0}
{"name":"hexo","hostname":"Meeting-Room.local","pid":54201,"level":20,"msg":"Processed: \u001b[35msource/images/cc-by.svg\u001b[39m","time":"2017-03-08T02:58:25.798Z","v":0}
{"name":"hexo","hostname":"Meeting-Room.local","pid":54201,"level":20,"msg":"Processed: \u001b[35msource/images/cc-zero.svg\u001b[39m","time":"2017-03-08T02:58:25.799Z","v":0}
{"name":"hexo","hostname":"Meeting-Room.local","pid":54201,"level":20,"msg":"Processed: \u001b[35msource/images/loading.gif\u001b[39m","time":"2017-03-08T02:58:25.800Z","v":0}
{"name":"hexo","hostname":"Meeting-Room.local","pid":54201,"level":20,"msg":"Processed: \u001b[35msource/images/placeholder.gif\u001b[39m","time":"2017-03-08T02:58:25.801Z","v":0}
{"name":"hexo","hostname":"Meeting-Room.local","pid":54201,"level":20,"msg":"Processed: \u001b[35msource/images/quote-l.svg\u001b[39m","time":"2017-03-08T02:58:25.802Z","v":0}
{"name":"hexo","hostname":"Meeting-Room.local","pid":54201,"level":20,"msg":"Processed: \u001b[35msource/images/quote-r.svg\u001b[39m","time":"2017-03-08T02:58:25.803Z","v":0}
{"name":"hexo","hostname":"Meeting-Room.local","pid":54201,"level":20,"msg":"Processed: \u001b[35msource/images/searchicon.png\u001b[39m","time":"2017-03-08T02:58:25.804Z","v":0}
{"name":"hexo","hostname":"Meeting-Room.local","pid":54201,"level":20,"msg":"Theme config loaded.","time":"2017-03-08T02:58:25.835Z","v":0}
{"name":"hexo","hostname":"Meeting-Room.local","pid":54201,"level":20,"msg":"Processed: \u001b[35m_config.yml\u001b[39m","time":"2017-03-08T02:58:25.837Z","v":0}
{"name":"hexo","hostname":"Meeting-Room.local","pid":54201,"level":20,"msg":"Processed: \u001b[35m_posts/hello-world.md\u001b[39m","time":"2017-03-08T02:58:25.866Z","v":0}
{"name":"hexo","hostname":"Meeting-Room.local","pid":54201,"level":20,"msg":"Processed: \u001b[35msource/js/src/affix.js\u001b[39m","time":"2017-03-08T02:58:25.933Z","v":0}
{"name":"hexo","hostname":"Meeting-Room.local","pid":54201,"level":20,"msg":"Processed: \u001b[35msource/js/src/algolia-search.js\u001b[39m","time":"2017-03-08T02:58:25.934Z","v":0}
{"name":"hexo","hostname":"Meeting-Room.local","pid":54201,"level":20,"msg":"Processed: \u001b[35msource/js/src/bootstrap.js\u001b[39m","time":"2017-03-08T02:58:25.934Z","v":0}
{"name":"hexo","hostname":"Meeting-Room.local","pid":54201,"level":20,"msg":"Processed: \u001b[35msource/js/src/exturl.js\u001b[39m","time":"2017-03-08T02:58:25.935Z","v":0}
{"name":"hexo","hostname":"Meeting-Room.local","pid":54201,"level":20,"msg":"Processed: \u001b[35msource/js/src/hook-duoshuo.js\u001b[39m","time":"2017-03-08T02:58:25.937Z","v":0}
{"name":"hexo","hostname":"Meeting-Room.local","pid":54201,"level":20,"msg":"Processed: \u001b[35msource/js/src/motion.js\u001b[39m","time":"2017-03-08T02:58:25.938Z","v":0}
{"name":"hexo","hostname":"Meeting-Room.local","pid":54201,"level":20,"msg":"Processed: \u001b[35msource/js/src/post-details.js\u001b[39m","time":"2017-03-08T02:58:25.938Z","v":0}
{"name":"hexo","hostname":"Meeting-Room.local","pid":54201,"level":20,"msg":"Processed: \u001b[35msource/js/src/scrollspy.js\u001b[39m","time":"2017-03-08T02:58:25.939Z","v":0}
{"name":"hexo","hostname":"Meeting-Room.local","pid":54201,"level":20,"msg":"Processed: \u001b[35msource/lib/algolia-instant-search/instantsearch.min.css\u001b[39m","time":"2017-03-08T02:58:25.956Z","v":0}
{"name":"hexo","hostname":"Meeting-Room.local","pid":54201,"level":20,"msg":"Processed: \u001b[35msource/lib/canvas-nest/canvas-nest.min.js\u001b[39m","time":"2017-03-08T02:58:25.959Z","v":0}
{"name":"hexo","hostname":"Meeting-Room.local","pid":54201,"level":20,"msg":"Processed: \u001b[35msource/lib/jquery_lazyload/CONTRIBUTING.md\u001b[39m","time":"2017-03-08T02:58:26.456Z","v":0}
{"name":"hexo","hostname":"Meeting-Room.local","pid":54201,"level":20,"msg":"Processed: \u001b[35msource/lib/jquery_lazyload/README.md\u001b[39m","time":"2017-03-08T02:58:26.457Z","v":0}
{"name":"hexo","hostname":"Meeting-Room.local","pid":54201,"level":20,"msg":"Processed: \u001b[35msource/lib/jquery_lazyload/bower.json\u001b[39m","time":"2017-03-08T02:58:26.457Z","v":0}
{"name":"hexo","hostname":"Meeting-Room.local","pid":54201,"level":20,"msg":"Processed: \u001b[35msource/lib/jquery_lazyload/jquery.lazyload.js\u001b[39m","time":"2017-03-08T02:58:26.458Z","v":0}
{"name":"hexo","hostname":"Meeting-Room.local","pid":54201,"level":20,"msg":"Processed: \u001b[35msource/lib/jquery_lazyload/jquery.scrollstop.js\u001b[39m","time":"2017-03-08T02:58:26.458Z","v":0}
{"name":"hexo","hostname":"Meeting-Room.local","pid":54201,"level":20,"msg":"Processed: \u001b[35msource/lib/velocity/bower.json\u001b[39m","time":"2017-03-08T02:58:26.459Z","v":0}
{"name":"hexo","hostname":"Meeting-Room.local","pid":54201,"level":20,"msg":"Processed: \u001b[35msource/lib/velocity/velocity.min.js\u001b[39m","time":"2017-03-08T02:58:26.459Z","v":0}
{"name":"hexo","hostname":"Meeting-Room.local","pid":54201,"level":20,"msg":"Processed: \u001b[35msource/lib/velocity/velocity.ui.js\u001b[39m","time":"2017-03-08T02:58:26.460Z","v":0}
{"name":"hexo","hostname":"Meeting-Room.local","pid":54201,"level":20,"msg":"Processed: \u001b[35msource/lib/velocity/velocity.ui.min.js\u001b[39m","time":"2017-03-08T02:58:26.460Z","v":0}
{"name":"hexo","hostname":"Meeting-Room.local","pid":54201,"level":20,"msg":"Processed: \u001b[35msource/js/src/utils.js\u001b[39m","time":"2017-03-08T02:58:26.460Z","v":0}
{"name":"hexo","hostname":"Meeting-Room.local","pid":54201,"level":20,"msg":"Processed: \u001b[35mlayout/archive.swig\u001b[39m","time":"2017-03-08T02:58:26.822Z","v":0}
{"name":"hexo","hostname":"Meeting-Room.local","pid":54201,"level":20,"msg":"Processed: \u001b[35mlayout/index.swig\u001b[39m","time":"2017-03-08T02:58:26.822Z","v":0}
{"name":"hexo","hostname":"Meeting-Room.local","pid":54201,"level":20,"msg":"Processed: \u001b[35mlayout/page.swig\u001b[39m","time":"2017-03-08T02:58:26.823Z","v":0}
{"name":"hexo","hostname":"Meeting-Room.local","pid":54201,"level":20,"msg":"Processed: \u001b[35mlayout/category.swig\u001b[39m","time":"2017-03-08T02:58:26.823Z","v":0}
{"name":"hexo","hostname":"Meeting-Room.local","pid":54201,"level":20,"msg":"Processed: \u001b[35mlayout/post.swig\u001b[39m","time":"2017-03-08T02:58:26.823Z","v":0}
{"name":"hexo","hostname":"Meeting-Room.local","pid":54201,"level":20,"msg":"Processed: \u001b[35mlayout/tag.swig\u001b[39m","time":"2017-03-08T02:58:26.824Z","v":0}
{"name":"hexo","hostname":"Meeting-Room.local","pid":54201,"level":20,"msg":"Processed: \u001b[35mlayout/schedule.swig\u001b[39m","time":"2017-03-08T02:58:26.824Z","v":0}
{"name":"hexo","hostname":"Meeting-Room.local","pid":54201,"level":20,"msg":"Processed: \u001b[35mlanguages/default.yml\u001b[39m","time":"2017-03-08T02:58:26.832Z","v":0}
{"name":"hexo","hostname":"Meeting-Room.local","pid":54201,"level":20,"msg":"Processed: \u001b[35mlanguages/en.yml\u001b[39m","time":"2017-03-08T02:58:26.833Z","v":0}
{"name":"hexo","hostname":"Meeting-Room.local","pid":54201,"level":20,"msg":"Processed: \u001b[35mlanguages/de.yml\u001b[39m","time":"2017-03-08T02:58:26.833Z","v":0}
{"name":"hexo","hostname":"Meeting-Room.local","pid":54201,"level":20,"msg":"Processed: \u001b[35mlanguages/ja.yml\u001b[39m","time":"2017-03-08T02:58:26.833Z","v":0}
{"name":"hexo","hostname":"Meeting-Room.local","pid":54201,"level":20,"msg":"Processed: \u001b[35mlanguages/ko.yml\u001b[39m","time":"2017-03-08T02:58:26.833Z","v":0}
{"name":"hexo","hostname":"Meeting-Room.local","pid":54201,"level":20,"msg":"Processed: \u001b[35mlanguages/fr-FR.yml\u001b[39m","time":"2017-03-08T02:58:26.833Z","v":0}
{"name":"hexo","hostname":"Meeting-Room.local","pid":54201,"level":20,"msg":"Processed: \u001b[35mlanguages/pt-BR.yml\u001b[39m","time":"2017-03-08T02:58:26.834Z","v":0}
{"name":"hexo","hostname":"Meeting-Room.local","pid":54201,"level":20,"msg":"Processed: \u001b[35mlanguages/ru.yml\u001b[39m","time":"2017-03-08T02:58:26.834Z","v":0}
{"name":"hexo","hostname":"Meeting-Room.local","pid":54201,"level":20,"msg":"Processed: \u001b[35mlanguages/zh-Hans.yml\u001b[39m","time":"2017-03-08T02:58:26.834Z","v":0}
{"name":"hexo","hostname":"Meeting-Room.local","pid":54201,"level":20,"msg":"Processed: \u001b[35mlanguages/pt.yml\u001b[39m","time":"2017-03-08T02:58:26.834Z","v":0}
{"name":"hexo","hostname":"Meeting-Room.local","pid":54201,"level":20,"msg":"Processed: \u001b[35mlanguages/zh-hk.yml\u001b[39m","time":"2017-03-08T02:58:26.834Z","v":0}
{"name":"hexo","hostname":"Meeting-Room.local","pid":54201,"level":20,"msg":"Processed: \u001b[35mlanguages/zh-tw.yml\u001b[39m","time":"2017-03-08T02:58:26.835Z","v":0}
{"name":"hexo","hostname":"Meeting-Room.local","pid":54201,"level":20,"msg":"Processed: \u001b[35mlanguages/id.yml\u001b[39m","time":"2017-03-08T02:58:26.835Z","v":0}
{"name":"hexo","hostname":"Meeting-Room.local","pid":54201,"level":20,"msg":"Processed: \u001b[35msource/lib/fastclick/LICENSE\u001b[39m","time":"2017-03-08T02:58:26.845Z","v":0}
{"name":"hexo","hostname":"Meeting-Room.local","pid":54201,"level":20,"msg":"Processed: \u001b[35msource/lib/fastclick/README.md\u001b[39m","time":"2017-03-08T02:58:26.845Z","v":0}
{"name":"hexo","hostname":"Meeting-Room.local","pid":54201,"level":20,"msg":"Processed: \u001b[35msource/lib/fastclick/bower.json\u001b[39m","time":"2017-03-08T02:58:26.846Z","v":0}
{"name":"hexo","hostname":"Meeting-Room.local","pid":54201,"level":20,"msg":"Processed: \u001b[35msource/lib/font-awesome/bower.json\u001b[39m","time":"2017-03-08T02:58:26.847Z","v":0}
{"name":"hexo","hostname":"Meeting-Room.local","pid":54201,"level":20,"msg":"Processed: \u001b[35msource/lib/font-awesome/HELP-US-OUT.txt\u001b[39m","time":"2017-03-08T02:58:26.847Z","v":0}
{"name":"hexo","hostname":"Meeting-Room.local","pid":54201,"level":20,"msg":"Processed: \u001b[35msource/lib/jquery/index.js\u001b[39m","time":"2017-03-08T02:58:26.861Z","v":0}
{"name":"hexo","hostname":"Meeting-Room.local","pid":54201,"level":20,"msg":"Processed: \u001b[35msource/js/src/schemes/pisces.js\u001b[39m","time":"2017-03-08T02:58:26.868Z","v":0}
{"name":"hexo","hostname":"Meeting-Room.local","pid":54201,"level":20,"msg":"Processed: \u001b[35msource/lib/fancybox/source/blank.gif\u001b[39m","time":"2017-03-08T02:58:26.870Z","v":0}
{"name":"hexo","hostname":"Meeting-Room.local","pid":54201,"level":20,"msg":"Processed: \u001b[35msource/lib/fancybox/source/fancybox_loading.gif\u001b[39m","time":"2017-03-08T02:58:26.871Z","v":0}
{"name":"hexo","hostname":"Meeting-Room.local","pid":54201,"level":20,"msg":"Processed: \u001b[35msource/lib/fancybox/source/fancybox_loading@2x.gif\u001b[39m","time":"2017-03-08T02:58:26.872Z","v":0}
{"name":"hexo","hostname":"Meeting-Room.local","pid":54201,"level":20,"msg":"Processed: \u001b[35msource/lib/fancybox/source/fancybox_overlay.png\u001b[39m","time":"2017-03-08T02:58:26.872Z","v":0}
{"name":"hexo","hostname":"Meeting-Room.local","pid":54201,"level":20,"msg":"Processed: \u001b[35msource/lib/fancybox/source/jquery.fancybox.css\u001b[39m","time":"2017-03-08T02:58:26.873Z","v":0}
{"name":"hexo","hostname":"Meeting-Room.local","pid":54201,"level":20,"msg":"Processed: \u001b[35msource/lib/fancybox/source/jquery.fancybox.js\u001b[39m","time":"2017-03-08T02:58:26.874Z","v":0}
{"name":"hexo","hostname":"Meeting-Room.local","pid":54201,"level":20,"msg":"Processed: \u001b[35msource/lib/fancybox/source/fancybox_sprite.png\u001b[39m","time":"2017-03-08T02:58:26.876Z","v":0}
{"name":"hexo","hostname":"Meeting-Room.local","pid":54201,"level":20,"msg":"Processed: \u001b[35msource/lib/fancybox/source/fancybox_sprite@2x.png\u001b[39m","time":"2017-03-08T02:58:26.876Z","v":0}
{"name":"hexo","hostname":"Meeting-Room.local","pid":54201,"level":20,"msg":"Processed: \u001b[35msource/lib/fancybox/source/jquery.fancybox.pack.js\u001b[39m","time":"2017-03-08T02:58:26.877Z","v":0}
{"name":"hexo","hostname":"Meeting-Room.local","pid":54201,"level":20,"msg":"Processed: \u001b[35msource/lib/ua-parser-js/dist/ua-parser.min.js\u001b[39m","time":"2017-03-08T02:58:26.878Z","v":0}
{"name":"hexo","hostname":"Meeting-Room.local","pid":54201,"level":20,"msg":"Processed: \u001b[35msource/lib/ua-parser-js/dist/ua-parser.pack.js\u001b[39m","time":"2017-03-08T02:58:26.878Z","v":0}
{"name":"hexo","hostname":"Meeting-Room.local","pid":54201,"level":20,"msg":"Processed: \u001b[35mlayout/_layout.swig\u001b[39m","time":"2017-03-08T02:58:26.893Z","v":0}
{"name":"hexo","hostname":"Meeting-Room.local","pid":54201,"level":20,"msg":"Processed: \u001b[35mlayout/_custom/header.swig\u001b[39m","time":"2017-03-08T02:58:26.893Z","v":0}
{"name":"hexo","hostname":"Meeting-Room.local","pid":54201,"level":20,"msg":"Processed: \u001b[35mlayout/_custom/sidebar.swig\u001b[39m","time":"2017-03-08T02:58:26.893Z","v":0}
{"name":"hexo","hostname":"Meeting-Room.local","pid":54201,"level":20,"msg":"Processed: \u001b[35mlayout/_scripts/baidu-push.swig\u001b[39m","time":"2017-03-08T02:58:26.893Z","v":0}
{"name":"hexo","hostname":"Meeting-Room.local","pid":54201,"level":20,"msg":"Processed: \u001b[35mlayout/_scripts/boostrap.swig\u001b[39m","time":"2017-03-08T02:58:26.893Z","v":0}
{"name":"hexo","hostname":"Meeting-Room.local","pid":54201,"level":20,"msg":"Processed: \u001b[35mlayout/_scripts/commons.swig\u001b[39m","time":"2017-03-08T02:58:26.893Z","v":0}
{"name":"hexo","hostname":"Meeting-Room.local","pid":54201,"level":20,"msg":"Processed: \u001b[35mlayout/_scripts/vendors.swig\u001b[39m","time":"2017-03-08T02:58:26.893Z","v":0}
{"name":"hexo","hostname":"Meeting-Room.local","pid":54201,"level":20,"msg":"Processed: \u001b[35msource/lib/fastclick/lib/fastclick.js\u001b[39m","time":"2017-03-08T02:58:26.896Z","v":0}
{"name":"hexo","hostname":"Meeting-Room.local","pid":54201,"level":20,"msg":"Processed: \u001b[35msource/lib/fastclick/lib/fastclick.min.js\u001b[39m","time":"2017-03-08T02:58:26.897Z","v":0}
{"name":"hexo","hostname":"Meeting-Room.local","pid":54201,"level":20,"msg":"Processed: \u001b[35msource/lib/font-awesome/css/font-awesome.css\u001b[39m","time":"2017-03-08T02:58:26.898Z","v":0}
{"name":"hexo","hostname":"Meeting-Room.local","pid":54201,"level":20,"msg":"Processed: \u001b[35msource/lib/font-awesome/css/font-awesome.css.map\u001b[39m","time":"2017-03-08T02:58:26.898Z","v":0}
{"name":"hexo","hostname":"Meeting-Room.local","pid":54201,"level":20,"msg":"Processed: \u001b[35msource/lib/font-awesome/css/font-awesome.min.css\u001b[39m","time":"2017-03-08T02:58:26.898Z","v":0}
{"name":"hexo","hostname":"Meeting-Room.local","pid":54201,"level":20,"msg":"Processed: \u001b[35mlayout/_partials/comments.swig\u001b[39m","time":"2017-03-08T02:58:27.152Z","v":0}
{"name":"hexo","hostname":"Meeting-Room.local","pid":54201,"level":20,"msg":"Processed: \u001b[35mlayout/_partials/duoshuo-hot-articles.swig\u001b[39m","time":"2017-03-08T02:58:27.152Z","v":0}
{"name":"hexo","hostname":"Meeting-Room.local","pid":54201,"level":20,"msg":"Processed: \u001b[35mlayout/_partials/head.swig\u001b[39m","time":"2017-03-08T02:58:27.153Z","v":0}
{"name":"hexo","hostname":"Meeting-Room.local","pid":54201,"level":20,"msg":"Processed: \u001b[35mlayout/_partials/header.swig\u001b[39m","time":"2017-03-08T02:58:27.153Z","v":0}
{"name":"hexo","hostname":"Meeting-Room.local","pid":54201,"level":20,"msg":"Processed: \u001b[35mlayout/_partials/footer.swig\u001b[39m","time":"2017-03-08T02:58:27.153Z","v":0}
{"name":"hexo","hostname":"Meeting-Room.local","pid":54201,"level":20,"msg":"Processed: \u001b[35mlayout/_partials/page-header.swig\u001b[39m","time":"2017-03-08T02:58:27.231Z","v":0}
{"name":"hexo","hostname":"Meeting-Room.local","pid":54201,"level":20,"msg":"Processed: \u001b[35mlayout/_partials/pagination.swig\u001b[39m","time":"2017-03-08T02:58:27.231Z","v":0}
{"name":"hexo","hostname":"Meeting-Room.local","pid":54201,"level":20,"msg":"Processed: \u001b[35mlayout/_partials/search.swig\u001b[39m","time":"2017-03-08T02:58:27.231Z","v":0}
{"name":"hexo","hostname":"Meeting-Room.local","pid":54201,"level":20,"msg":"Processed: \u001b[35mlayout/_macro/post-collapse.swig\u001b[39m","time":"2017-03-08T02:58:27.231Z","v":0}
{"name":"hexo","hostname":"Meeting-Room.local","pid":54201,"level":20,"msg":"Processed: \u001b[35mlayout/_macro/post.swig\u001b[39m","time":"2017-03-08T02:58:27.231Z","v":0}
{"name":"hexo","hostname":"Meeting-Room.local","pid":54201,"level":20,"msg":"Processed: \u001b[35mlayout/_macro/reward.swig\u001b[39m","time":"2017-03-08T02:58:27.231Z","v":0}
{"name":"hexo","hostname":"Meeting-Room.local","pid":54201,"level":20,"msg":"Processed: \u001b[35mlayout/_macro/sidebar.swig\u001b[39m","time":"2017-03-08T02:58:27.232Z","v":0}
{"name":"hexo","hostname":"Meeting-Room.local","pid":54201,"level":20,"msg":"Processed: \u001b[35mlayout/_macro/wechat-subscriber.swig\u001b[39m","time":"2017-03-08T02:58:27.232Z","v":0}
{"name":"hexo","hostname":"Meeting-Room.local","pid":54201,"level":20,"msg":"Processed: \u001b[35mlayout/_scripts/schemes/mist.swig\u001b[39m","time":"2017-03-08T02:58:27.232Z","v":0}
{"name":"hexo","hostname":"Meeting-Room.local","pid":54201,"level":20,"msg":"Processed: \u001b[35mlayout/_scripts/schemes/muse.swig\u001b[39m","time":"2017-03-08T02:58:27.232Z","v":0}
{"name":"hexo","hostname":"Meeting-Room.local","pid":54201,"level":20,"msg":"Processed: \u001b[35msource/lib/velocity/velocity.js\u001b[39m","time":"2017-03-08T02:58:27.234Z","v":0}
{"name":"hexo","hostname":"Meeting-Room.local","pid":54201,"level":20,"msg":"Processed: \u001b[35msource/lib/font-awesome/fonts/fontawesome-webfont.woff\u001b[39m","time":"2017-03-08T02:58:27.236Z","v":0}
{"name":"hexo","hostname":"Meeting-Room.local","pid":54201,"level":20,"msg":"Processed: \u001b[35msource/lib/fancybox/source/helpers/fancybox_buttons.png\u001b[39m","time":"2017-03-08T02:58:27.248Z","v":0}
{"name":"hexo","hostname":"Meeting-Room.local","pid":54201,"level":20,"msg":"Processed: \u001b[35msource/lib/fancybox/source/helpers/jquery.fancybox-buttons.css\u001b[39m","time":"2017-03-08T02:58:27.248Z","v":0}
{"name":"hexo","hostname":"Meeting-Room.local","pid":54201,"level":20,"msg":"Processed: \u001b[35msource/lib/fancybox/source/helpers/jquery.fancybox-buttons.js\u001b[39m","time":"2017-03-08T02:58:27.249Z","v":0}
{"name":"hexo","hostname":"Meeting-Room.local","pid":54201,"level":20,"msg":"Processed: \u001b[35msource/lib/fancybox/source/helpers/jquery.fancybox-media.js\u001b[39m","time":"2017-03-08T02:58:27.249Z","v":0}
{"name":"hexo","hostname":"Meeting-Room.local","pid":54201,"level":20,"msg":"Processed: \u001b[35msource/lib/fancybox/source/helpers/jquery.fancybox-thumbs.css\u001b[39m","time":"2017-03-08T02:58:27.250Z","v":0}
{"name":"hexo","hostname":"Meeting-Room.local","pid":54201,"level":20,"msg":"Processed: \u001b[35msource/lib/fancybox/source/helpers/jquery.fancybox-thumbs.js\u001b[39m","time":"2017-03-08T02:58:27.252Z","v":0}
{"name":"hexo","hostname":"Meeting-Room.local","pid":54201,"level":20,"msg":"Processed: \u001b[35msource/lib/font-awesome/fonts/fontawesome-webfont.eot\u001b[39m","time":"2017-03-08T02:58:27.255Z","v":0}
{"name":"hexo","hostname":"Meeting-Room.local","pid":54201,"level":20,"msg":"Processed: \u001b[35msource/lib/font-awesome/fonts/FontAwesome.otf\u001b[39m","time":"2017-03-08T02:58:27.255Z","v":0}
{"name":"hexo","hostname":"Meeting-Room.local","pid":54201,"level":20,"msg":"Processed: \u001b[35msource/lib/font-awesome/fonts/fontawesome-webfont.ttf\u001b[39m","time":"2017-03-08T02:58:27.255Z","v":0}
{"name":"hexo","hostname":"Meeting-Room.local","pid":54201,"level":20,"msg":"Processed: \u001b[35mlayout/_scripts/pages/post-details.swig\u001b[39m","time":"2017-03-08T02:58:27.274Z","v":0}
{"name":"hexo","hostname":"Meeting-Room.local","pid":54201,"level":20,"msg":"Processed: \u001b[35mlayout/_scripts/schemes/pisces.swig\u001b[39m","time":"2017-03-08T02:58:27.274Z","v":0}
{"name":"hexo","hostname":"Meeting-Room.local","pid":54201,"level":20,"msg":"Processed: \u001b[35mlayout/_components/algolia-search/assets.swig\u001b[39m","time":"2017-03-08T02:58:27.275Z","v":0}
{"name":"hexo","hostname":"Meeting-Room.local","pid":54201,"level":20,"msg":"Processed: \u001b[35mlayout/_scripts/third-party/analytics.swig\u001b[39m","time":"2017-03-08T02:58:27.275Z","v":0}
{"name":"hexo","hostname":"Meeting-Room.local","pid":54201,"level":20,"msg":"Processed: \u001b[35mlayout/_components/algolia-search/dom.swig\u001b[39m","time":"2017-03-08T02:58:27.275Z","v":0}
{"name":"hexo","hostname":"Meeting-Room.local","pid":54201,"level":20,"msg":"Processed: \u001b[35mlayout/_scripts/third-party/comments.swig\u001b[39m","time":"2017-03-08T02:58:27.275Z","v":0}
{"name":"hexo","hostname":"Meeting-Room.local","pid":54201,"level":20,"msg":"Processed: \u001b[35mlayout/_scripts/third-party/lean-analytics.swig\u001b[39m","time":"2017-03-08T02:58:27.275Z","v":0}
{"name":"hexo","hostname":"Meeting-Room.local","pid":54201,"level":20,"msg":"Processed: \u001b[35mlayout/_scripts/third-party/localsearch.swig\u001b[39m","time":"2017-03-08T02:58:27.275Z","v":0}
{"name":"hexo","hostname":"Meeting-Room.local","pid":54201,"level":20,"msg":"Processed: \u001b[35mlayout/_scripts/third-party/mathjax.swig\u001b[39m","time":"2017-03-08T02:58:27.275Z","v":0}
{"name":"hexo","hostname":"Meeting-Room.local","pid":54201,"level":20,"msg":"Processed: \u001b[35mlayout/_scripts/third-party/schedule.swig\u001b[39m","time":"2017-03-08T02:58:27.275Z","v":0}
{"name":"hexo","hostname":"Meeting-Room.local","pid":54201,"level":20,"msg":"Processed: \u001b[35mlayout/_scripts/third-party/tinysou.swig\u001b[39m","time":"2017-03-08T02:58:27.275Z","v":0}
{"name":"hexo","hostname":"Meeting-Room.local","pid":54201,"level":20,"msg":"Processed: \u001b[35mlayout/_partials/head/custom-head.swig\u001b[39m","time":"2017-03-08T02:58:27.275Z","v":0}
{"name":"hexo","hostname":"Meeting-Room.local","pid":54201,"level":20,"msg":"Processed: \u001b[35mlayout/_partials/head/external-fonts.swig\u001b[39m","time":"2017-03-08T02:58:27.275Z","v":0}
{"name":"hexo","hostname":"Meeting-Room.local","pid":54201,"level":20,"msg":"Processed: \u001b[35mlayout/_partials/search/localsearch.swig\u001b[39m","time":"2017-03-08T02:58:27.275Z","v":0}
{"name":"hexo","hostname":"Meeting-Room.local","pid":54201,"level":20,"msg":"Processed: \u001b[35mlayout/_partials/search/swiftype.swig\u001b[39m","time":"2017-03-08T02:58:27.276Z","v":0}
{"name":"hexo","hostname":"Meeting-Room.local","pid":54201,"level":20,"msg":"Processed: \u001b[35mlayout/_partials/search/tinysou.swig\u001b[39m","time":"2017-03-08T02:58:27.276Z","v":0}
{"name":"hexo","hostname":"Meeting-Room.local","pid":54201,"level":20,"msg":"Processed: \u001b[35mlayout/_partials/share/add-this.swig\u001b[39m","time":"2017-03-08T02:58:27.276Z","v":0}
{"name":"hexo","hostname":"Meeting-Room.local","pid":54201,"level":20,"msg":"Processed: \u001b[35mlayout/_partials/share/baidushare.swig\u001b[39m","time":"2017-03-08T02:58:27.276Z","v":0}
{"name":"hexo","hostname":"Meeting-Room.local","pid":54201,"level":20,"msg":"Processed: \u001b[35mlayout/_partials/share/duoshuo_share.swig\u001b[39m","time":"2017-03-08T02:58:27.276Z","v":0}
{"name":"hexo","hostname":"Meeting-Room.local","pid":54201,"level":20,"msg":"Processed: \u001b[35mlayout/_partials/share/jiathis.swig\u001b[39m","time":"2017-03-08T02:58:27.276Z","v":0}
{"name":"hexo","hostname":"Meeting-Room.local","pid":54201,"level":20,"msg":"Processed: \u001b[35msource/lib/font-awesome/fonts/fontawesome-webfont.woff2\u001b[39m","time":"2017-03-08T02:58:27.277Z","v":0}
{"name":"hexo","hostname":"Meeting-Room.local","pid":54201,"level":20,"msg":"Processed: \u001b[35mlayout/_scripts/third-party/analytics/application-insights.swig\u001b[39m","time":"2017-03-08T02:58:27.301Z","v":0}
{"name":"hexo","hostname":"Meeting-Room.local","pid":54201,"level":20,"msg":"Processed: \u001b[35mlayout/_scripts/third-party/analytics/baidu-analytics.swig\u001b[39m","time":"2017-03-08T02:58:27.301Z","v":0}
{"name":"hexo","hostname":"Meeting-Room.local","pid":54201,"level":20,"msg":"Processed: \u001b[35mlayout/_scripts/third-party/analytics/busuanzi-counter.swig\u001b[39m","time":"2017-03-08T02:58:27.301Z","v":0}
{"name":"hexo","hostname":"Meeting-Room.local","pid":54201,"level":20,"msg":"Processed: \u001b[35mlayout/_scripts/third-party/analytics/facebook-sdk.swig\u001b[39m","time":"2017-03-08T02:58:27.301Z","v":0}
{"name":"hexo","hostname":"Meeting-Room.local","pid":54201,"level":20,"msg":"Processed: \u001b[35mlayout/_scripts/third-party/analytics/google-analytics.swig\u001b[39m","time":"2017-03-08T02:58:27.301Z","v":0}
{"name":"hexo","hostname":"Meeting-Room.local","pid":54201,"level":20,"msg":"Processed: \u001b[35mlayout/_scripts/third-party/analytics/tencent-analytics.swig\u001b[39m","time":"2017-03-08T02:58:27.301Z","v":0}
{"name":"hexo","hostname":"Meeting-Room.local","pid":54201,"level":20,"msg":"Processed: \u001b[35mlayout/_scripts/third-party/comments/disqus.swig\u001b[39m","time":"2017-03-08T02:58:27.302Z","v":0}
{"name":"hexo","hostname":"Meeting-Room.local","pid":54201,"level":20,"msg":"Processed: \u001b[35mlayout/_scripts/third-party/analytics/tencent-mta.swig\u001b[39m","time":"2017-03-08T02:58:27.302Z","v":0}
{"name":"hexo","hostname":"Meeting-Room.local","pid":54201,"level":20,"msg":"Processed: \u001b[35mlayout/_scripts/third-party/comments/duoshuo.swig\u001b[39m","time":"2017-03-08T02:58:27.302Z","v":0}
{"name":"hexo","hostname":"Meeting-Room.local","pid":54201,"level":20,"msg":"Processed: \u001b[35mlayout/_scripts/third-party/comments/gentie.swig\u001b[39m","time":"2017-03-08T02:58:27.302Z","v":0}
{"name":"hexo","hostname":"Meeting-Room.local","pid":54201,"level":20,"msg":"Processed: \u001b[35mlayout/_scripts/third-party/analytics/vkontakte-api.swig\u001b[39m","time":"2017-03-08T02:58:27.302Z","v":0}
{"name":"hexo","hostname":"Meeting-Room.local","pid":54201,"level":20,"msg":"Processed: \u001b[35mlayout/_scripts/third-party/comments/hypercomments.swig\u001b[39m","time":"2017-03-08T02:58:27.302Z","v":0}
{"name":"hexo","hostname":"Meeting-Room.local","pid":54201,"level":20,"msg":"Processed: \u001b[35mlayout/_scripts/third-party/comments/youyan.swig\u001b[39m","time":"2017-03-08T02:58:27.302Z","v":0}
{"name":"hexo","hostname":"Meeting-Room.local","pid":54201,"level":20,"msg":"Processed: \u001b[35mlayout/_scripts/third-party/comments/livere.swig\u001b[39m","time":"2017-03-08T02:58:27.302Z","v":0}
{"name":"hexo","hostname":"Meeting-Room.local","pid":54201,"level":20,"msg":"Processed: \u001b[35mlayout/_scripts/third-party/analytics/cnzz-analytics.swig\u001b[39m","time":"2017-03-08T02:58:27.302Z","v":0}
{"name":"hexo","hostname":"Meeting-Room.local","pid":54201,"level":20,"msg":"Processed: \u001b[35msource/lib/algolia-instant-search/instantsearch.min.js\u001b[39m","time":"2017-03-08T02:58:27.303Z","v":0}
{"name":"hexo","hostname":"Meeting-Room.local","pid":54201,"level":20,"msg":"Processed: \u001b[35msource/lib/font-awesome/fonts/fontawesome-webfont.svg\u001b[39m","time":"2017-03-08T02:58:27.304Z","v":0}
{"name":"hexo","hostname":"Meeting-Room.local","pid":54201,"level":20,"msg":"Generator: \u001b[35mpage\u001b[39m","time":"2017-03-08T02:58:29.183Z","v":0}
{"name":"hexo","hostname":"Meeting-Room.local","pid":54201,"level":20,"msg":"Generator: \u001b[35mpost\u001b[39m","time":"2017-03-08T02:58:29.183Z","v":0}
{"name":"hexo","hostname":"Meeting-Room.local","pid":54201,"level":20,"msg":"Generator: \u001b[35marchive\u001b[39m","time":"2017-03-08T02:58:29.183Z","v":0}
{"name":"hexo","hostname":"Meeting-Room.local","pid":54201,"level":20,"msg":"Generator: \u001b[35mcategory\u001b[39m","time":"2017-03-08T02:58:29.183Z","v":0}
{"name":"hexo","hostname":"Meeting-Room.local","pid":54201,"level":20,"msg":"Generator: \u001b[35mindex\u001b[39m","time":"2017-03-08T02:58:29.183Z","v":0}
{"name":"hexo","hostname":"Meeting-Room.local","pid":54201,"level":20,"msg":"Generator: \u001b[35mtag\u001b[39m","time":"2017-03-08T02:58:29.183Z","v":0}
{"name":"hexo","hostname":"Meeting-Room.local","pid":54201,"level":20,"msg":"Generator: \u001b[35masset\u001b[39m","time":"2017-03-08T02:58:29.185Z","v":0}
{"name":"hexo","hostname":"Meeting-Room.local","pid":54201,"level":30,"msg":"Hexo is running at \u001b[4mhttp://localhost:4000/\u001b[24m. Press Ctrl+C to stop.","time":"2017-03-08T02:58:29.195Z","v":0}
{"name":"hexo","hostname":"Meeting-Room.local","pid":54201,"level":20,"msg":"Database saved","time":"2017-03-08T02:58:29.215Z","v":0}
{"name":"hexo","hostname":"Meeting-Room.local","pid":54201,"level":20,"msg":"Rendering index: \u001b[35mindex.html\u001b[39m","time":"2017-03-08T02:58:39.098Z","v":0}
{"name":"hexo","hostname":"Meeting-Room.local","pid":54201,"level":20,"msg":"Rendering index: \u001b[35mindex.html\u001b[39m","time":"2017-03-08T02:58:44.363Z","v":0}
{"name":"hexo","hostname":"Meeting-Room.local","pid":54201,"level":20,"msg":"Rendering index: \u001b[35mindex.html\u001b[39m","time":"2017-03-08T03:02:07.176Z","v":0}
{"name":"hexo","hostname":"Meeting-Room.local","pid":54201,"level":30,"msg":"Have a nice day","time":"2017-03-08T03:11:13.310Z","v":0}
{"name":"hexo","hostname":"Meeting-Room.local","pid":54201,"level":20,"msg":"Database saved","time":"2017-03-08T03:11:13.470Z","v":0}
